<?xml version="1.0" encoding="utf-8"?><testsuites name="pytest tests"><testsuite name="pytest" errors="0" failures="0" skipped="0" tests="9" time="1.471" timestamp="2026-07-19T16:55:58.672494+00:00" hostname="agent-env-73adc280-c361-4bd8-82f0-74a8a866ea4c"><testcase classname="tests.test_contact.TestContactValidation" name="test_invalid_email" time="0.185" /><testcase classname="tests.test_contact.TestContactCreate" name="test_create_contact_full_payload" time="0.209" /><testcase classname="tests.test_contact.TestContactValidation" name="test_missing_name" time="0.052" /><testcase classname="tests.test_contact.TestContactCreate" name="test_create_contact_without_subject" time="0.086" /><testcase classname="tests.test_contact.TestContactValidation" name="test_missing_message" time="0.053" /><testcase classname="tests.test_contact.TestContactValidation" name="test_empty_name" time="0.052" /><testcase classname="tests.test_contact.TestContactList" name="test_list_contains_newly_created_newest_first" time="0.609" /><testcase classname="tests.test_contact.TestHealth" name="test_root" time="0.049" /><testcase classname="tests.test_contact.TestContactList" name="test_list_excludes_mongo_id" time="0.050" /></testsuite></testsuites>